
----------------------------x-----------------------
| Temperature  | Humidity | Pressure  | Wind Speed |
----------------------------------------------------
| 27.90        | 54.00    | 1012.00   | 4.63       |
------------------------------x---------------------


----------------------------x-----------------------
| Temperature  | Humidity | Pressure  | Wind Speed |
----------------------------------------------------
| 27.90        | 54.00    | 1012.00   | 4.63       |
------------------------------x---------------------


------------------------------x---------------------
| Temperature  | Humidity | Pressure  | Wind Speed |
----------------------------------------------------
| 27.90        | 54.00    | 1012.00   | 4.63       |
------------------------------x---------------------


------------------------------x---------------------
| Temperature  | Humidity | Pressure  | Wind Speed |
----------------------------------------------------
| 26.90        | 57.00    | 1012.00   | 4.12       |
------------------------------x---------------------

rm -f codefiles/main.o codefiles/api.o output mean
gcc -c codefiles/main.c -lcurl -ljansson   -o codefiles/main.o
gcc -c codefiles/api.c -lcurl -ljansson   -o codefiles/api.o
gcc codefiles/main.o codefiles/api.o -lcurl -ljansson   -o output

------------------------------x---------------------
| Temperature  | Humidity | Pressure  | Wind Speed |
----------------------------------------------------
| 26.90        | 57.00    | 1013.00   | 4.12       |
------------------------------x---------------------

API call made at Fri Nov 22 06:41:12 PM PKT 2024

------------------------------x---------------------
| Temperature  | Humidity | Pressure  | Wind Speed |
----------------------------------------------------
| 26.90        | 57.00    | 1013.00   | 4.12       |
------------------------------x---------------------

API call made at Fri Nov 22 06:41:17 PM PKT 2024

------------------------------x---------------------
| Temperature  | Humidity | Pressure  | Wind Speed |
----------------------------------------------------
| 26.90        | 57.00    | 1013.00   | 4.12       |
------------------------------x---------------------

API call made at Fri Nov 22 06:41:22 PM PKT 2024

------------------------------x---------------------
| Temperature  | Humidity | Pressure  | Wind Speed |
----------------------------------------------------
| 26.90        | 57.00    | 1013.00   | 4.12       |
------------------------------x---------------------

API call made at Fri Nov 22 06:41:27 PM PKT 2024
Mean wind speed: 4.12 km/h 
rm -f codefiles/main.o codefiles/api.o output mean
gcc -c codefiles/main.c -lcurl -ljansson   -o codefiles/main.o
gcc -c codefiles/api.c -lcurl -ljansson   -o codefiles/api.o
gcc codefiles/main.o codefiles/api.o -lcurl -ljansson   -o output

------------------------------x---------------------
| Temperature  | Humidity | Pressure  | Wind Speed |
----------------------------------------------------
| 26.90        | 57.00    | 1013.00   | 4.12       |
------------------------------x---------------------

API call made at Fri Nov 22 06:42:37 PM PKT 2024

------------------------------x---------------------
| Temperature  | Humidity | Pressure  | Wind Speed |
----------------------------------------------------
| 26.90        | 57.00    | 1013.00   | 4.12       |
------------------------------x---------------------

API call made at Fri Nov 22 06:42:41 PM PKT 2024

------------------------------x---------------------
| Temperature  | Humidity | Pressure  | Wind Speed |
----------------------------------------------------
| 26.90        | 57.00    | 1013.00   | 4.12       |
------------------------------x---------------------

API call made at Fri Nov 22 06:42:45 PM PKT 2024

------------------------------x---------------------
| Temperature  | Humidity | Pressure  | Wind Speed |
----------------------------------------------------
| 26.90        | 57.00    | 1013.00   | 4.12       |
------------------------------x---------------------

API call made at Fri Nov 22 06:42:49 PM PKT 2024

------------------------------x---------------------
| Temperature  | Humidity | Pressure  | Wind Speed |
----------------------------------------------------
| 26.90        | 57.00    | 1013.00   | 4.12       |
------------------------------x---------------------

API call made at Fri Nov 22 06:42:53 PM PKT 2024

------------------------------x---------------------
| Temperature  | Humidity | Pressure  | Wind Speed |
----------------------------------------------------
| 26.90        | 57.00    | 1013.00   | 4.12       |
------------------------------x---------------------

API call made at Fri Nov 22 06:42:57 PM PKT 2024

------------------------------x---------------------
| Temperature  | Humidity | Pressure  | Wind Speed |
----------------------------------------------------
| 26.90        | 57.00    | 1013.00   | 4.12       |
------------------------------x---------------------

API call made at Fri Nov 22 06:43:01 PM PKT 2024

------------------------------x---------------------
| Temperature  | Humidity | Pressure  | Wind Speed |
----------------------------------------------------
| 26.90        | 57.00    | 1013.00   | 4.12       |
------------------------------x---------------------

API call made at Fri Nov 22 06:43:05 PM PKT 2024

------------------------------x---------------------
| Temperature  | Humidity | Pressure  | Wind Speed |
----------------------------------------------------
| 26.90        | 57.00    | 1013.00   | 4.12       |
------------------------------x---------------------

API call made at Fri Nov 22 06:43:09 PM PKT 2024

------------------------------x---------------------
| Temperature  | Humidity | Pressure  | Wind Speed |
----------------------------------------------------
| 26.90        | 57.00    | 1013.00   | 4.12       |
------------------------------x---------------------

API call made at Fri Nov 22 06:43:13 PM PKT 2024

------------------------------x---------------------
| Temperature  | Humidity | Pressure  | Wind Speed |
----------------------------------------------------
| 26.90        | 57.00    | 1013.00   | 4.12       |
------------------------------x---------------------

API call made at Fri Nov 22 06:43:17 PM PKT 2024

------------------------------x---------------------
| Temperature  | Humidity | Pressure  | Wind Speed |
----------------------------------------------------
| 26.90        | 57.00    | 1013.00   | 4.12       |
------------------------------x---------------------

API call made at Fri Nov 22 06:43:21 PM PKT 2024
Mean wind speed: 4.12 km/h 
rm -f codefiles/main.o codefiles/api.o output mean
gcc -c codefiles/main.c -lcurl -ljansson   -o codefiles/main.o
gcc -c codefiles/api.c -lcurl -ljansson   -o codefiles/api.o
gcc codefiles/main.o codefiles/api.o -lcurl -ljansson   -o output

------------------------------x---------------------
| Temperature  | Humidity | Pressure  | Wind Speed |
----------------------------------------------------
| 26.90        | 57.00    | 1013.00   | 4.12       |
------------------------------x---------------------

API call made at Fri Nov 22 06:45:11 PM PKT 2024

------------------------------x---------------------
| Temperature  | Humidity | Pressure  | Wind Speed |
----------------------------------------------------
| 26.90        | 57.00    | 1013.00   | 4.12       |
------------------------------x---------------------

API call made at Fri Nov 22 06:45:15 PM PKT 2024

------------------------------x---------------------
| Temperature  | Humidity | Pressure  | Wind Speed |
----------------------------------------------------
| 26.90        | 57.00    | 1013.00   | 4.12       |
------------------------------x---------------------

API call made at Fri Nov 22 06:45:19 PM PKT 2024

------------------------------x---------------------
| Temperature  | Humidity | Pressure  | Wind Speed |
----------------------------------------------------
| 26.90        | 57.00    | 1013.00   | 4.12       |
------------------------------x---------------------

API call made at Fri Nov 22 06:45:23 PM PKT 2024

------------------------------x---------------------
| Temperature  | Humidity | Pressure  | Wind Speed |
----------------------------------------------------
| 26.90        | 57.00    | 1013.00   | 4.12       |
------------------------------x---------------------

API call made at Fri Nov 22 06:45:27 PM PKT 2024

------------------------------x---------------------
| Temperature  | Humidity | Pressure  | Wind Speed |
----------------------------------------------------
| 26.90        | 57.00    | 1013.00   | 4.12       |
------------------------------x---------------------

API call made at Fri Nov 22 06:45:31 PM PKT 2024

------------------------------x---------------------
| Temperature  | Humidity | Pressure  | Wind Speed |
----------------------------------------------------
| 26.90        | 57.00    | 1013.00   | 4.12       |
------------------------------x---------------------

API call made at Fri Nov 22 06:45:35 PM PKT 2024

------------------------------x---------------------
| Temperature  | Humidity | Pressure  | Wind Speed |
----------------------------------------------------
| 26.90        | 57.00    | 1013.00   | 4.12       |
------------------------------x---------------------

API call made at Fri Nov 22 06:45:39 PM PKT 2024

------------------------------x---------------------
| Temperature  | Humidity | Pressure  | Wind Speed |
----------------------------------------------------
| 26.90        | 57.00    | 1013.00   | 4.12       |
------------------------------x---------------------

API call made at Fri Nov 22 06:45:43 PM PKT 2024

------------------------------x---------------------
| Temperature  | Humidity | Pressure  | Wind Speed |
----------------------------------------------------
| 26.90        | 57.00    | 1013.00   | 4.12       |
------------------------------x---------------------

API call made at Fri Nov 22 06:45:47 PM PKT 2024

------------------------------x---------------------
| Temperature  | Humidity | Pressure  | Wind Speed |
----------------------------------------------------
| 26.90        | 57.00    | 1013.00   | 4.12       |
------------------------------x---------------------

API call made at Fri Nov 22 06:45:51 PM PKT 2024

------------------------------x---------------------
| Temperature  | Humidity | Pressure  | Wind Speed |
----------------------------------------------------
| 26.90        | 57.00    | 1013.00   | 4.12       |
------------------------------x---------------------

API call made at Fri Nov 22 06:45:55 PM PKT 2024
Mean wind speed: 4.12 km/h 
rm -f codefiles/main.o codefiles/api.o output mean
gcc -c codefiles/main.c -lcurl -ljansson   -o codefiles/main.o
gcc -c codefiles/api.c -lcurl -ljansson   -o codefiles/api.o
gcc codefiles/main.o codefiles/api.o -lcurl -ljansson   -o output

------------------------------x---------------------
| Temperature  | Humidity | Pressure  | Wind Speed |
----------------------------------------------------
| 26.90        | 57.00    | 1013.00   | 4.12       |
------------------------------x---------------------

API call made at Fri Nov 22 06:58:11 PM PKT 2024

------------------------------x---------------------
| Temperature  | Humidity | Pressure  | Wind Speed |
----------------------------------------------------
| 26.90        | 57.00    | 1013.00   | 2.57       |
------------------------------x---------------------

API call made at Fri Nov 22 07:18:12 PM PKT 2024
rm -f codefiles/main.o codefiles/api.o output mean
gcc -c codefiles/main.c -lcurl -ljansson   -o codefiles/main.o
gcc -c codefiles/api.c -lcurl -ljansson   -o codefiles/api.o
gcc codefiles/main.o codefiles/api.o -lcurl -ljansson   -o output

------------------------------x---------------------
| Temperature  | Humidity | Pressure  | Wind Speed |
----------------------------------------------------
| 26.90        | 57.00    | 1013.00   | 2.57       |
------------------------------x---------------------

API call made at Fri Nov 22 07:26:41 PM PKT 2024
rm -f codefiles/main.o codefiles/api.o output mean
gcc -c codefiles/main.c -lcurl -ljansson   -o codefiles/main.o
gcc -c codefiles/api.c -lcurl -ljansson   -o codefiles/api.o
gcc codefiles/main.o codefiles/api.o -lcurl -ljansson   -o output

------------------------------x---------------------
| Temperature  | Humidity | Pressure  | Wind Speed |
----------------------------------------------------
| 26.90        | 57.00    | 1013.00   | 2.57       |
------------------------------x---------------------

API call made at Fri Nov 22 07:31:33 PM PKT 2024

------------------------------x---------------------
| Temperature  | Humidity | Pressure  | Wind Speed |
----------------------------------------------------
| 25.90        | 57.00    | 1013.00   | 2.06       |
------------------------------x---------------------

API call made at Fri Nov 22 07:38:13 PM PKT 2024

------------------------------x---------------------
| Temperature  | Humidity | Pressure  | Wind Speed |
----------------------------------------------------
| 25.90        | 57.00    | 1013.00   | 2.06       |
------------------------------x---------------------

API call made at Fri Nov 22 07:56:42 PM PKT 2024

------------------------------x---------------------
| Temperature  | Humidity | Pressure  | Wind Speed |
----------------------------------------------------
| 25.90        | 57.00    | 1013.00   | 2.06       |
------------------------------x---------------------

API call made at Fri Nov 22 07:58:14 PM PKT 2024
Mean wind speed: 2.26 km/h 

------------------------------x---------------------
| Temperature  | Humidity | Pressure  | Wind Speed |
----------------------------------------------------
| 25.90        | 57.00    | 1013.00   | 2.06       |
------------------------------x---------------------

API call made at Fri Nov 22 08:01:34 PM PKT 2024
rm -f codefiles/main.o codefiles/api.o output mean
gcc -c codefiles/main.c -lcurl -ljansson   -o codefiles/main.o
gcc -c codefiles/api.c -lcurl -ljansson   -o codefiles/api.o
gcc codefiles/main.o codefiles/api.o -lcurl -ljansson   -o output

------------------------------x---------------------
| Temperature  | Humidity | Pressure  | Wind Speed |
----------------------------------------------------
| 25.90        | 57.00    | 1013.00   | 2.06       |
------------------------------x---------------------

API call made at Fri Nov 22 08:01:35 PM PKT 2024

------------------------------x---------------------
| Temperature  | Humidity | Pressure  | Wind Speed |
----------------------------------------------------
| 25.90        | 61.00    | 1013.00   | 2.57       |
------------------------------x---------------------

API call made at Fri Nov 22 08:26:43 PM PKT 2024
Mean wind speed: 2.23 km/h 

------------------------------x---------------------
| Temperature  | Humidity | Pressure  | Wind Speed |
----------------------------------------------------
| 25.90        | 61.00    | 1013.00   | 2.57       |
------------------------------x---------------------

API call made at Fri Nov 22 08:31:35 PM PKT 2024
Mean wind speed: 2.57 km/h 

------------------------------x---------------------
| Temperature  | Humidity | Pressure  | Wind Speed |
----------------------------------------------------
| 25.90        | 61.00    | 1013.00   | 2.57       |
------------------------------x---------------------

API call made at Fri Nov 22 08:31:36 PM PKT 2024
rm -f codefiles/main.o codefiles/api.o output mean
gcc -c codefiles/main.c -lcurl -ljansson   -o codefiles/main.o
gcc -c codefiles/api.c -lcurl -ljansson   -o codefiles/api.o
gcc codefiles/main.o codefiles/api.o -lcurl -ljansson   -o output

------------------------------x---------------------
| Temperature  | Humidity | Pressure  | Wind Speed |
----------------------------------------------------
| 23.90        | 69.00    | 1013.00   | 2.06       |
------------------------------x---------------------

API call made at Fri Nov 22 10:43:49 PM PKT 2024

------------------------------x---------------------
| Temperature  | Humidity | Pressure  | Wind Speed |
----------------------------------------------------
| 23.90        | 69.00    | 1013.00   | 2.06       |
------------------------------x---------------------

API call made at Fri Nov 22 10:43:51 PM PKT 2024

------------------------------x---------------------
| Temperature  | Humidity | Pressure  | Wind Speed |
----------------------------------------------------
| 23.90        | 69.00    | 1013.00   | 2.06       |
------------------------------x---------------------

API call made at Fri Nov 22 10:43:54 PM PKT 2024
Mean wind speed: 2.06 km/h 
rm -f codefiles/main.o codefiles/api.o output mean
gcc -c codefiles/main.c -lcurl -ljansson   -o codefiles/main.o
gcc -c codefiles/api.c -lcurl -ljansson   -o codefiles/api.o
gcc codefiles/main.o codefiles/api.o -lcurl -ljansson   -o output

------------------------------x---------------------
| Temperature  | Humidity | Pressure  | Wind Speed |
----------------------------------------------------
| 23.90        | 69.00    | 1013.00   | 2.06       |
------------------------------x---------------------

API call made at Fri Nov 22 10:48:51 PM PKT 2024

------------------------------x---------------------
| Temperature  | Humidity | Pressure  | Wind Speed |
----------------------------------------------------
| 23.90        | 69.00    | 1013.00   | 2.06       |
------------------------------x---------------------

API call made at Fri Nov 22 10:48:53 PM PKT 2024

------------------------------x---------------------
| Temperature  | Humidity | Pressure  | Wind Speed |
----------------------------------------------------
| 23.90        | 69.00    | 1013.00   | 2.06       |
------------------------------x---------------------

API call made at Fri Nov 22 10:48:54 PM PKT 2024
Mean wind speed: 2.06 km/h 
